  [4;36;1mSQL (0.1ms)[0m   [0;1mSET client_min_messages TO 'panic'[0m
  [4;35;1mSQL (0.2ms)[0m   [0mSET standard_conforming_strings = on[0m
  [4;36;1mSQL (0.1ms)[0m   [0;1mSET client_min_messages TO 'notice'[0m
  [4;35;1mSQL (39.5ms)[0m   [0mCREATE TABLE "schema_migrations" ("version" character varying(255) NOT NULL) [0m
  [4;36;1mSQL (61.7ms)[0m   [0;1mCREATE UNIQUE INDEX "unique_schema_migrations" ON "schema_migrations" ("version")[0m
  [4;35;1mSQL (0.5ms)[0m   [0mSELECT version FROM schema_migrations[0m
Migrating to CreatePeople (20100716225847)
  [4;36;1mSQL (0.1ms)[0m   [0;1mBEGIN[0m
  [4;35;1mSQL (50.1ms)[0m   [0mCREATE TABLE "people" ("id" serial primary key, "name" character varying(50), "age" smallint, "born" date, "created_at" timestamp, "updated_at" timestamp) [0m
  [4;36;1mSQL (0.7ms)[0m   [0;1mINSERT INTO schema_migrations (version) VALUES ('20100716225847')[0m
  [4;35;1mSQL (11.7ms)[0m   [0mCOMMIT[0m
  [4;36;1mSQL (12.4ms)[0m   [0;1mSELECT version FROM schema_migrations[0m
  [4;36;1mSQL (0.1ms)[0m   [0;1mSET client_min_messages TO 'panic'[0m
  [4;35;1mSQL (0.1ms)[0m   [0mSET standard_conforming_strings = on[0m
  [4;36;1mSQL (0.1ms)[0m   [0;1mSET client_min_messages TO 'notice'[0m


Processing PeopleController#index (for 127.0.0.1 at 2010-07-16 19:00:54) [GET]
  [4;35;1mPerson Load (1.8ms)[0m   [0mSELECT * FROM "people" [0m
Rendering template within layouts/people
Rendering people/index
Completed in 115ms (View: 105, DB: 2) | 200 OK [http://localhost/people]
  [4;36;1mSQL (0.1ms)[0m   [0;1mSET client_min_messages TO 'panic'[0m
  [4;35;1mSQL (0.2ms)[0m   [0mSET standard_conforming_strings = on[0m
  [4;36;1mSQL (0.1ms)[0m   [0;1mSET client_min_messages TO 'notice'[0m


Processing PeopleController#new (for 127.0.0.1 at 2010-07-16 19:00:56) [GET]
Rendering template within layouts/people
Rendering people/new
Completed in 200ms (View: 183, DB: 0) | 200 OK [http://localhost/people/new]
  [4;35;1mSQL (0.1ms)[0m   [0mSET client_min_messages TO 'panic'[0m
  [4;36;1mSQL (0.2ms)[0m   [0;1mSET standard_conforming_strings = on[0m
  [4;35;1mSQL (0.1ms)[0m   [0mSET client_min_messages TO 'notice'[0m


Processing PeopleController#create (for 127.0.0.1 at 2010-07-16 19:01:22) [POST]
  Parameters: {"authenticity_token"=>"LtTQg9aINQFchn2+KfrKDLJ2Gm7lNxXashmfDS4ovXw=", "person"=>{"name"=>"Bernardo Arancibia", "age"=>"23", "born(1i)"=>"2010", "born(2i)"=>"5", "born(3i)"=>"18"}, "commit"=>"Create"}
  [4;36;1mSQL (1.5ms)[0m   [0;1mBEGIN[0m
  [4;35;1mSQL (3.1ms)[0m   [0mINSERT INTO "people" ("name", "age", "born", "created_at", "updated_at") VALUES('Bernardo Arancibia', 23, '2010-05-18', '2010-07-16 23:01:22.836813', '2010-07-16 23:01:22.836813') RETURNING "id"[0m
  [4;36;1mSQL (26.1ms)[0m   [0;1mCOMMIT[0m
Redirected to http://localhost:3000/people/1
Completed in 63ms (DB: 31) | 302 Found [http://localhost/people]
  [4;35;1mSQL (0.1ms)[0m   [0mSET client_min_messages TO 'panic'[0m
  [4;36;1mSQL (0.2ms)[0m   [0;1mSET standard_conforming_strings = on[0m
  [4;35;1mSQL (0.1ms)[0m   [0mSET client_min_messages TO 'notice'[0m


Processing PeopleController#show (for 127.0.0.1 at 2010-07-16 19:01:22) [GET]
  Parameters: {"id"=>"1"}
  [4;36;1mPerson Load (1.0ms)[0m   [0;1mSELECT * FROM "people" WHERE ("people"."id" = 1) [0m
Rendering template within layouts/people
Rendering people/show
Completed in 43ms (View: 27, DB: 1) | 200 OK [http://localhost/people/1]
  [4;35;1mSQL (0.1ms)[0m   [0mSET client_min_messages TO 'panic'[0m
  [4;36;1mSQL (0.1ms)[0m   [0;1mSET standard_conforming_strings = on[0m
  [4;35;1mSQL (0.1ms)[0m   [0mSET client_min_messages TO 'notice'[0m


Processing PeopleController#index (for 127.0.0.1 at 2010-07-16 19:01:24) [GET]
  [4;36;1mPerson Load (1.8ms)[0m   [0;1mSELECT * FROM "people" [0m
Rendering template within layouts/people
Rendering people/index
Completed in 35ms (View: 19, DB: 2) | 200 OK [http://localhost/people]
  [4;36;1mSQL (0.1ms)[0m   [0;1mSET client_min_messages TO 'panic'[0m
  [4;35;1mSQL (0.1ms)[0m   [0mSET standard_conforming_strings = on[0m
  [4;36;1mSQL (0.1ms)[0m   [0;1mSET client_min_messages TO 'notice'[0m


Processing PeopleController#index (for 127.0.0.1 at 2010-07-16 19:02:38) [GET]
  [4;35;1mPerson Load (1.8ms)[0m   [0mSELECT * FROM "people" [0m
Rendering template within layouts/people
Rendering people/index
Completed in 73ms (View: 62, DB: 2) | 200 OK [http://localhost/people]
  [4;36;1mSQL (0.1ms)[0m   [0;1mSET client_min_messages TO 'panic'[0m
  [4;35;1mSQL (0.1ms)[0m   [0mSET standard_conforming_strings = on[0m
  [4;36;1mSQL (0.1ms)[0m   [0;1mSET client_min_messages TO 'notice'[0m


Processing PeopleController#index (for 127.0.0.1 at 2010-07-16 19:02:39) [GET]
  [4;35;1mPerson Load (2.3ms)[0m   [0mSELECT * FROM "people" [0m
Rendering template within layouts/people
Rendering people/index
Completed in 25ms (View: 14, DB: 3) | 200 OK [http://localhost/people]
  [4;36;1mSQL (0.1ms)[0m   [0;1mSET client_min_messages TO 'panic'[0m
  [4;35;1mSQL (0.2ms)[0m   [0mSET standard_conforming_strings = on[0m
  [4;36;1mSQL (0.2ms)[0m   [0;1mSET client_min_messages TO 'notice'[0m


Processing PeopleController#new (for 127.0.0.1 at 2010-07-16 19:02:47) [GET]
Rendering template within layouts/people
Rendering people/new
Completed in 119ms (View: 101, DB: 0) | 200 OK [http://localhost/people/new]
  [4;35;1mSQL (0.1ms)[0m   [0mSET client_min_messages TO 'panic'[0m
  [4;36;1mSQL (0.2ms)[0m   [0;1mSET standard_conforming_strings = on[0m
  [4;35;1mSQL (0.1ms)[0m   [0mSET client_min_messages TO 'notice'[0m


Processing PeopleController#create (for 127.0.0.1 at 2010-07-16 19:02:58) [POST]
  Parameters: {"authenticity_token"=>"LtTQg9aINQFchn2+KfrKDLJ2Gm7lNxXashmfDS4ovXw=", "person"=>{"name"=>"Juanita Parra", "age"=>"40", "born(1i)"=>"2010", "born(2i)"=>"7", "born(3i)"=>"16"}, "commit"=>"Create"}
  [4;36;1mSQL (0.2ms)[0m   [0;1mBEGIN[0m
  [4;35;1mSQL (1.1ms)[0m   [0mINSERT INTO "people" ("name", "age", "born", "created_at", "updated_at") VALUES('Juanita Parra', 40, '2010-07-16', '2010-07-16 23:02:58.276369', '2010-07-16 23:02:58.276369') RETURNING "id"[0m
  [4;36;1mSQL (23.3ms)[0m   [0;1mCOMMIT[0m
Redirected to http://localhost:3000/people/2
Completed in 57ms (DB: 25) | 302 Found [http://localhost/people]
  [4;35;1mSQL (1.1ms)[0m   [0mSET client_min_messages TO 'panic'[0m
  [4;36;1mSQL (0.2ms)[0m   [0;1mSET standard_conforming_strings = on[0m
  [4;35;1mSQL (0.1ms)[0m   [0mSET client_min_messages TO 'notice'[0m


Processing PeopleController#show (for 127.0.0.1 at 2010-07-16 19:02:58) [GET]
  Parameters: {"id"=>"2"}
  [4;36;1mPerson Load (1.0ms)[0m   [0;1mSELECT * FROM "people" WHERE ("people"."id" = 2) [0m
Rendering template within layouts/people
Rendering people/show
Completed in 40ms (View: 24, DB: 2) | 200 OK [http://localhost/people/2]
  [4;35;1mSQL (0.1ms)[0m   [0mSET client_min_messages TO 'panic'[0m
  [4;36;1mSQL (0.2ms)[0m   [0;1mSET standard_conforming_strings = on[0m
  [4;35;1mSQL (0.1ms)[0m   [0mSET client_min_messages TO 'notice'[0m


Processing PeopleController#index (for 127.0.0.1 at 2010-07-16 19:03:00) [GET]
  [4;36;1mPerson Load (1.8ms)[0m   [0;1mSELECT * FROM "people" [0m
Rendering template within layouts/people
Rendering people/index
Completed in 27ms (View: 17, DB: 2) | 200 OK [http://localhost/people]
  [4;35;1mSQL (0.1ms)[0m   [0mSET client_min_messages TO 'panic'[0m
  [4;36;1mSQL (0.1ms)[0m   [0;1mSET standard_conforming_strings = on[0m
  [4;35;1mSQL (0.1ms)[0m   [0mSET client_min_messages TO 'notice'[0m


Processing PeopleController#new (for 127.0.0.1 at 2010-07-16 19:03:12) [GET]
Rendering template within layouts/people
Rendering people/new
Completed in 36ms (View: 21, DB: 0) | 200 OK [http://localhost/people/new]
  [4;36;1mSQL (1.2ms)[0m   [0;1mSET client_min_messages TO 'panic'[0m
  [4;35;1mSQL (0.2ms)[0m   [0mSET standard_conforming_strings = on[0m
  [4;36;1mSQL (0.1ms)[0m   [0;1mSET client_min_messages TO 'notice'[0m


Processing PeopleController#index (for 127.0.0.1 at 2010-07-16 19:03:14) [GET]
  [4;35;1mPerson Load (1.8ms)[0m   [0mSELECT * FROM "people" [0m
Rendering template within layouts/people
Rendering people/index
Completed in 33ms (View: 21, DB: 3) | 200 OK [http://localhost/people]
  [4;36;1mSQL (0.1ms)[0m   [0;1mSET client_min_messages TO 'panic'[0m
  [4;35;1mSQL (0.2ms)[0m   [0mSET standard_conforming_strings = on[0m
  [4;36;1mSQL (0.1ms)[0m   [0;1mSET client_min_messages TO 'notice'[0m


Processing PeopleController#edit (for 127.0.0.1 at 2010-07-16 19:03:17) [GET]
  Parameters: {"id"=>"1"}
  [4;35;1mPerson Load (0.9ms)[0m   [0mSELECT * FROM "people" WHERE ("people"."id" = 1) [0m
Rendering template within layouts/people
Rendering people/edit
Completed in 66ms (View: 50, DB: 1) | 200 OK [http://localhost/people/1/edit]
  [4;36;1mSQL (0.1ms)[0m   [0;1mSET client_min_messages TO 'panic'[0m
  [4;35;1mSQL (0.2ms)[0m   [0mSET standard_conforming_strings = on[0m
  [4;36;1mSQL (0.1ms)[0m   [0;1mSET client_min_messages TO 'notice'[0m


Processing PeopleController#update (for 127.0.0.1 at 2010-07-16 19:03:23) [PUT]
  Parameters: {"authenticity_token"=>"LtTQg9aINQFchn2+KfrKDLJ2Gm7lNxXashmfDS4ovXw=", "person"=>{"name"=>"Bernardo Arancibia", "age"=>"25", "born(1i)"=>"2010", "born(2i)"=>"5", "born(3i)"=>"18"}, "commit"=>"Update", "id"=>"1"}
  [4;35;1mPerson Load (1.0ms)[0m   [0mSELECT * FROM "people" WHERE ("people"."id" = 1) [0m
  [4;36;1mSQL (0.2ms)[0m   [0;1mBEGIN[0m
  [4;35;1mPerson Update (0.7ms)[0m   [0mUPDATE "people" SET "age" = 25, "updated_at" = '2010-07-16 23:03:23.112957' WHERE "id" = 1[0m
  [4;36;1mSQL (20.7ms)[0m   [0;1mCOMMIT[0m
Redirected to http://localhost:3000/people/1
Completed in 50ms (DB: 23) | 302 Found [http://localhost/people/1]
  [4;35;1mSQL (0.1ms)[0m   [0mSET client_min_messages TO 'panic'[0m
  [4;36;1mSQL (0.2ms)[0m   [0;1mSET standard_conforming_strings = on[0m
  [4;35;1mSQL (0.1ms)[0m   [0mSET client_min_messages TO 'notice'[0m


Processing PeopleController#show (for 127.0.0.1 at 2010-07-16 19:03:23) [GET]
  Parameters: {"id"=>"1"}
  [4;36;1mPerson Load (1.8ms)[0m   [0;1mSELECT * FROM "people" WHERE ("people"."id" = 1) [0m
Rendering template within layouts/people
Rendering people/show
Completed in 23ms (View: 6, DB: 2) | 200 OK [http://localhost/people/1]
  [4;35;1mSQL (0.1ms)[0m   [0mSET client_min_messages TO 'panic'[0m
  [4;36;1mSQL (0.2ms)[0m   [0;1mSET standard_conforming_strings = on[0m
  [4;35;1mSQL (0.1ms)[0m   [0mSET client_min_messages TO 'notice'[0m


Processing PeopleController#index (for 127.0.0.1 at 2010-07-16 19:03:25) [GET]
  [4;36;1mPerson Load (1.8ms)[0m   [0;1mSELECT * FROM "people" [0m
Rendering template within layouts/people
Rendering people/index
Completed in 27ms (View: 17, DB: 2) | 200 OK [http://localhost/people]
  [4;35;1mSQL (0.1ms)[0m   [0mSET client_min_messages TO 'panic'[0m
  [4;36;1mSQL (4.3ms)[0m   [0;1mSET standard_conforming_strings = on[0m
  [4;35;1mSQL (0.1ms)[0m   [0mSET client_min_messages TO 'notice'[0m


Processing PeopleController#index (for 127.0.0.1 at 2010-07-16 19:05:27) [GET]
  [4;36;1mPerson Load (1.8ms)[0m   [0;1mSELECT * FROM "people" [0m
Rendering template within layouts/people
Rendering people/index
Completed in 34ms (View: 24, DB: 6) | 200 OK [http://localhost/people]
  [4;35;1mSQL (0.1ms)[0m   [0mSET client_min_messages TO 'panic'[0m
  [4;36;1mSQL (0.1ms)[0m   [0;1mSET standard_conforming_strings = on[0m
  [4;35;1mSQL (0.1ms)[0m   [0mSET client_min_messages TO 'notice'[0m


Processing PeopleController#edit (for 127.0.0.1 at 2010-07-16 19:05:29) [GET]
  Parameters: {"id"=>"2"}
  [4;36;1mPerson Load (0.9ms)[0m   [0;1mSELECT * FROM "people" WHERE ("people"."id" = 2) [0m
Rendering template within layouts/people
Rendering people/edit
Completed in 41ms (View: 23, DB: 1) | 200 OK [http://localhost/people/2/edit]
  [4;35;1mSQL (0.1ms)[0m   [0mSET client_min_messages TO 'panic'[0m
  [4;36;1mSQL (0.2ms)[0m   [0;1mSET standard_conforming_strings = on[0m
  [4;35;1mSQL (0.1ms)[0m   [0mSET client_min_messages TO 'notice'[0m


Processing PeopleController#update (for 127.0.0.1 at 2010-07-16 19:05:33) [PUT]
  Parameters: {"authenticity_token"=>"LtTQg9aINQFchn2+KfrKDLJ2Gm7lNxXashmfDS4ovXw=", "person"=>{"name"=>"Juanita Parra", "age"=>"43", "born(1i)"=>"2010", "born(2i)"=>"7", "born(3i)"=>"16"}, "commit"=>"Update", "id"=>"2"}
  [4;36;1mPerson Load (0.9ms)[0m   [0;1mSELECT * FROM "people" WHERE ("people"."id" = 2) [0m
  [4;35;1mSQL (0.2ms)[0m   [0mBEGIN[0m
  [4;36;1mPerson Update (0.7ms)[0m   [0;1mUPDATE "people" SET "age" = 43, "updated_at" = '2010-07-16 23:05:33.828979' WHERE "id" = 2[0m
  [4;35;1mSQL (14.0ms)[0m   [0mCOMMIT[0m
Redirected to http://localhost:3000/people/2
Completed in 40ms (DB: 16) | 302 Found [http://localhost/people/2]
  [4;36;1mSQL (0.1ms)[0m   [0;1mSET client_min_messages TO 'panic'[0m
  [4;35;1mSQL (0.2ms)[0m   [0mSET standard_conforming_strings = on[0m
  [4;36;1mSQL (0.1ms)[0m   [0;1mSET client_min_messages TO 'notice'[0m


Processing PeopleController#show (for 127.0.0.1 at 2010-07-16 19:05:33) [GET]
  Parameters: {"id"=>"2"}
  [4;35;1mPerson Load (1.0ms)[0m   [0mSELECT * FROM "people" WHERE ("people"."id" = 2) [0m
Rendering template within layouts/people
Rendering people/show
Completed in 24ms (View: 7, DB: 1) | 200 OK [http://localhost/people/2]
  [4;36;1mSQL (0.1ms)[0m   [0;1mSET client_min_messages TO 'panic'[0m
  [4;35;1mSQL (0.2ms)[0m   [0mSET standard_conforming_strings = on[0m
  [4;36;1mSQL (0.1ms)[0m   [0;1mSET client_min_messages TO 'notice'[0m


Processing PeopleController#index (for 127.0.0.1 at 2010-07-16 19:05:35) [GET]
  [4;35;1mPerson Load (1.8ms)[0m   [0mSELECT * FROM "people" [0m
Rendering template within layouts/people
Rendering people/index
Completed in 29ms (View: 19, DB: 2) | 200 OK [http://localhost/people]
  [4;36;1mSQL (0.1ms)[0m   [0;1mSET client_min_messages TO 'panic'[0m
  [4;35;1mSQL (0.1ms)[0m   [0mSET standard_conforming_strings = on[0m
  [4;36;1mSQL (0.1ms)[0m   [0;1mSET client_min_messages TO 'notice'[0m


Processing PeopleController#edit (for 127.0.0.1 at 2010-07-16 19:06:11) [GET]
  Parameters: {"id"=>"1"}
  [4;35;1mPerson Load (0.9ms)[0m   [0mSELECT * FROM "people" WHERE ("people"."id" = 1) [0m
Rendering template within layouts/people
Rendering people/edit
Completed in 33ms (View: 18, DB: 1) | 200 OK [http://localhost/people/1/edit]
  [4;36;1mSQL (0.1ms)[0m   [0;1mSET client_min_messages TO 'panic'[0m
  [4;35;1mSQL (0.2ms)[0m   [0mSET standard_conforming_strings = on[0m
  [4;36;1mSQL (0.1ms)[0m   [0;1mSET client_min_messages TO 'notice'[0m


Processing PeopleController#update (for 127.0.0.1 at 2010-07-16 19:06:15) [PUT]
  Parameters: {"authenticity_token"=>"LtTQg9aINQFchn2+KfrKDLJ2Gm7lNxXashmfDS4ovXw=", "person"=>{"name"=>"Bernardo Arancibia", "age"=>"24", "born(1i)"=>"2010", "born(2i)"=>"5", "born(3i)"=>"18"}, "commit"=>"Update", "id"=>"1"}
  [4;35;1mPerson Load (0.9ms)[0m   [0mSELECT * FROM "people" WHERE ("people"."id" = 1) [0m
  [4;36;1mSQL (0.2ms)[0m   [0;1mBEGIN[0m
  [4;35;1mPerson Update (0.7ms)[0m   [0mUPDATE "people" SET "age" = 24, "updated_at" = '2010-07-16 23:06:15.953375' WHERE "id" = 1[0m
  [4;36;1mSQL (17.0ms)[0m   [0;1mCOMMIT[0m
Redirected to http://localhost:3000/people/1
Completed in 42ms (DB: 19) | 302 Found [http://localhost/people/1]
  [4;35;1mSQL (0.1ms)[0m   [0mSET client_min_messages TO 'panic'[0m
  [4;36;1mSQL (0.1ms)[0m   [0;1mSET standard_conforming_strings = on[0m
  [4;35;1mSQL (0.1ms)[0m   [0mSET client_min_messages TO 'notice'[0m


Processing PeopleController#show (for 127.0.0.1 at 2010-07-16 19:06:16) [GET]
  Parameters: {"id"=>"1"}
  [4;36;1mPerson Load (1.1ms)[0m   [0;1mSELECT * FROM "people" WHERE ("people"."id" = 1) [0m
Rendering template within layouts/people
Rendering people/show
Completed in 22ms (View: 6, DB: 1) | 200 OK [http://localhost/people/1]
  [4;35;1mSQL (0.1ms)[0m   [0mSET client_min_messages TO 'panic'[0m
  [4;36;1mSQL (0.2ms)[0m   [0;1mSET standard_conforming_strings = on[0m
  [4;35;1mSQL (0.1ms)[0m   [0mSET client_min_messages TO 'notice'[0m


Processing PeopleController#edit (for 127.0.0.1 at 2010-07-16 19:07:55) [GET]
  Parameters: {"id"=>"1"}
  [4;36;1mPerson Load (0.9ms)[0m   [0;1mSELECT * FROM "people" WHERE ("people"."id" = 1) [0m
Rendering template within layouts/people
Rendering people/edit
Completed in 33ms (View: 18, DB: 1) | 200 OK [http://localhost/people/1/edit]
  [4;35;1mSQL (0.1ms)[0m   [0mSET client_min_messages TO 'panic'[0m
  [4;36;1mSQL (0.1ms)[0m   [0;1mSET standard_conforming_strings = on[0m
  [4;35;1mSQL (0.1ms)[0m   [0mSET client_min_messages TO 'notice'[0m


Processing PeopleController#update (for 127.0.0.1 at 2010-07-16 19:08:01) [PUT]
  Parameters: {"authenticity_token"=>"LtTQg9aINQFchn2+KfrKDLJ2Gm7lNxXashmfDS4ovXw=", "person"=>{"name"=>"Bernardo Arancibia", "age"=>"25", "born(1i)"=>"2010", "born(2i)"=>"5", "born(3i)"=>"18"}, "commit"=>"Update", "id"=>"1"}
  [4;36;1mPerson Load (0.9ms)[0m   [0;1mSELECT * FROM "people" WHERE ("people"."id" = 1) [0m
  [4;35;1mSQL (0.2ms)[0m   [0mBEGIN[0m
  [4;36;1mPerson Update (0.6ms)[0m   [0;1mUPDATE "people" SET "age" = 25, "updated_at" = '2010-07-16 23:08:01.532130' WHERE "id" = 1[0m
  [4;35;1mSQL (20.3ms)[0m   [0mCOMMIT[0m
Redirected to http://localhost:3000/people/1
Completed in 45ms (DB: 22) | 302 Found [http://localhost/people/1]
  [4;36;1mSQL (0.1ms)[0m   [0;1mSET client_min_messages TO 'panic'[0m
  [4;35;1mSQL (0.1ms)[0m   [0mSET standard_conforming_strings = on[0m
  [4;36;1mSQL (0.1ms)[0m   [0;1mSET client_min_messages TO 'notice'[0m


Processing PeopleController#show (for 127.0.0.1 at 2010-07-16 19:08:01) [GET]
  Parameters: {"id"=>"1"}
  [4;35;1mPerson Load (0.9ms)[0m   [0mSELECT * FROM "people" WHERE ("people"."id" = 1) [0m
Rendering template within layouts/people
Rendering people/show
Completed in 23ms (View: 7, DB: 1) | 200 OK [http://localhost/people/1]
  [4;36;1mSQL (0.1ms)[0m   [0;1mSET client_min_messages TO 'panic'[0m
  [4;35;1mSQL (0.2ms)[0m   [0mSET standard_conforming_strings = on[0m
  [4;36;1mSQL (0.1ms)[0m   [0;1mSET client_min_messages TO 'notice'[0m


Processing PeopleController#edit (for 127.0.0.1 at 2010-07-16 19:12:24) [GET]
  Parameters: {"id"=>"1"}
  [4;35;1mPerson Load (0.9ms)[0m   [0mSELECT * FROM "people" WHERE ("people"."id" = 1) [0m
Rendering template within layouts/people
Rendering people/edit
Completed in 40ms (View: 19, DB: 1) | 200 OK [http://localhost/people/1/edit]
  [4;36;1mSQL (0.6ms)[0m   [0;1mSET client_min_messages TO 'panic'[0m
  [4;35;1mSQL (0.2ms)[0m   [0mSET standard_conforming_strings = on[0m
  [4;36;1mSQL (0.1ms)[0m   [0;1mSET client_min_messages TO 'notice'[0m


Processing PeopleController#update (for 127.0.0.1 at 2010-07-16 19:12:37) [PUT]
  Parameters: {"authenticity_token"=>"LtTQg9aINQFchn2+KfrKDLJ2Gm7lNxXashmfDS4ovXw=", "person"=>{"name"=>"Bernardo Arancibia", "age"=>"23", "born(1i)"=>"2010", "born(2i)"=>"5", "born(3i)"=>"18"}, "commit"=>"Update", "id"=>"1"}
  [4;35;1mPerson Load (1.0ms)[0m   [0mSELECT * FROM "people" WHERE ("people"."id" = 1) [0m
  [4;36;1mSQL (0.1ms)[0m   [0;1mBEGIN[0m
  [4;35;1mPerson Update (0.7ms)[0m   [0mUPDATE "people" SET "age" = 23, "updated_at" = '2010-07-16 23:12:37.482268' WHERE "id" = 1[0m
  [4;36;1mSQL (31.8ms)[0m   [0;1mCOMMIT[0m
Redirected to http://localhost:3000/people/1
Completed in 57ms (DB: 34) | 302 Found [http://localhost/people/1]
  [4;35;1mSQL (0.4ms)[0m   [0mSET client_min_messages TO 'panic'[0m
  [4;36;1mSQL (0.6ms)[0m   [0;1mSET standard_conforming_strings = on[0m
  [4;35;1mSQL (0.2ms)[0m   [0mSET client_min_messages TO 'notice'[0m


Processing PeopleController#show (for 127.0.0.1 at 2010-07-16 19:12:37) [GET]
  Parameters: {"id"=>"1"}
  [4;36;1mPerson Load (2.5ms)[0m   [0;1mSELECT * FROM "people" WHERE ("people"."id" = 1) [0m
Rendering template within layouts/people
Rendering people/show
Completed in 48ms (View: 11, DB: 4) | 200 OK [http://localhost/people/1]
  [4;35;1mSQL (0.1ms)[0m   [0mSET client_min_messages TO 'panic'[0m
  [4;36;1mSQL (0.2ms)[0m   [0;1mSET standard_conforming_strings = on[0m
  [4;35;1mSQL (0.1ms)[0m   [0mSET client_min_messages TO 'notice'[0m


Processing PeopleController#index (for 127.0.0.1 at 2010-07-16 19:12:52) [GET]
  [4;36;1mPerson Load (2.1ms)[0m   [0;1mSELECT * FROM "people" [0m
Rendering template within layouts/people
Rendering people/index
Completed in 27ms (View: 16, DB: 2) | 200 OK [http://localhost/people]
  [4;35;1mSQL (0.1ms)[0m   [0mSET client_min_messages TO 'panic'[0m
  [4;36;1mSQL (0.2ms)[0m   [0;1mSET standard_conforming_strings = on[0m
  [4;35;1mSQL (0.1ms)[0m   [0mSET client_min_messages TO 'notice'[0m


Processing PeopleController#index (for 127.0.0.1 at 2010-07-16 19:14:17) [GET]
  [4;36;1mPerson Load (1.8ms)[0m   [0;1mSELECT * FROM "people" [0m
Rendering template within layouts/people
Rendering people/index
Completed in 44ms (View: 34, DB: 2) | 200 OK [http://localhost/people]
  [4;35;1mSQL (0.1ms)[0m   [0mSET client_min_messages TO 'panic'[0m
  [4;36;1mSQL (0.1ms)[0m   [0;1mSET standard_conforming_strings = on[0m
  [4;35;1mSQL (0.1ms)[0m   [0mSET client_min_messages TO 'notice'[0m


Processing PeopleController#new (for 127.0.0.1 at 2010-07-16 19:14:31) [GET]
Rendering template within layouts/people
Rendering people/new
Completed in 31ms (View: 17, DB: 0) | 200 OK [http://localhost/people/new]
  [4;36;1mSQL (2.1ms)[0m   [0;1mSET client_min_messages TO 'panic'[0m
  [4;35;1mSQL (0.2ms)[0m   [0mSET standard_conforming_strings = on[0m
  [4;36;1mSQL (0.1ms)[0m   [0;1mSET client_min_messages TO 'notice'[0m


Processing PeopleController#create (for 127.0.0.1 at 2010-07-16 19:14:46) [POST]
  Parameters: {"authenticity_token"=>"LtTQg9aINQFchn2+KfrKDLJ2Gm7lNxXashmfDS4ovXw=", "person"=>{"name"=>"\xC3\x81ngela Mendoza", "age"=>"21", "born(1i)"=>"2010", "born(2i)"=>"7", "born(3i)"=>"16"}, "commit"=>"Create"}
  [4;35;1mSQL (0.2ms)[0m   [0mBEGIN[0m
  [4;36;1mSQL (1.1ms)[0m   [0;1mINSERT INTO "people" ("name", "age", "born", "created_at", "updated_at") VALUES('Ángela Mendoza', 21, '2010-07-16', '2010-07-16 23:14:46.307445', '2010-07-16 23:14:46.307445') RETURNING "id"[0m
  [4;35;1mSQL (22.1ms)[0m   [0mCOMMIT[0m
Redirected to http://localhost:3000/people/3
Completed in 116ms (DB: 26) | 302 Found [http://localhost/people]
  [4;36;1mSQL (0.1ms)[0m   [0;1mSET client_min_messages TO 'panic'[0m
  [4;35;1mSQL (0.2ms)[0m   [0mSET standard_conforming_strings = on[0m
  [4;36;1mSQL (0.1ms)[0m   [0;1mSET client_min_messages TO 'notice'[0m


Processing PeopleController#show (for 127.0.0.1 at 2010-07-16 19:14:46) [GET]
  Parameters: {"id"=>"3"}
  [4;35;1mPerson Load (0.9ms)[0m   [0mSELECT * FROM "people" WHERE ("people"."id" = 3) [0m
Rendering template within layouts/people
Rendering people/show
Completed in 22ms (View: 7, DB: 1) | 200 OK [http://localhost/people/3]
  [4;36;1mSQL (0.1ms)[0m   [0;1mSET client_min_messages TO 'panic'[0m
  [4;35;1mSQL (0.1ms)[0m   [0mSET standard_conforming_strings = on[0m
  [4;36;1mSQL (0.1ms)[0m   [0;1mSET client_min_messages TO 'notice'[0m


Processing PeopleController#index (for 127.0.0.1 at 2010-07-16 19:14:48) [GET]
  [4;35;1mPerson Load (1.8ms)[0m   [0mSELECT * FROM "people" [0m
Rendering template within layouts/people
Rendering people/index
Completed in 29ms (View: 19, DB: 2) | 200 OK [http://localhost/people]
  [4;36;1mSQL (0.1ms)[0m   [0;1mSET client_min_messages TO 'panic'[0m
  [4;35;1mSQL (0.2ms)[0m   [0mSET standard_conforming_strings = on[0m
  [4;36;1mSQL (0.1ms)[0m   [0;1mSET client_min_messages TO 'notice'[0m


Processing PeopleController#index (for 127.0.0.1 at 2010-07-16 19:16:37) [GET]
  [4;35;1mPerson Load (1.8ms)[0m   [0mSELECT * FROM "people" [0m
Rendering template within layouts/people
Rendering people/index
Completed in 31ms (View: 21, DB: 2) | 200 OK [http://localhost/people]
  [4;36;1mSQL (0.1ms)[0m   [0;1mSET client_min_messages TO 'panic'[0m
  [4;35;1mSQL (0.1ms)[0m   [0mSET standard_conforming_strings = on[0m
  [4;36;1mSQL (0.1ms)[0m   [0;1mSET client_min_messages TO 'notice'[0m


Processing PeopleController#edit (for 127.0.0.1 at 2010-07-16 19:16:51) [GET]
  Parameters: {"id"=>"4"}
  [4;35;1mPerson Load (0.9ms)[0m   [0mSELECT * FROM "people" WHERE ("people"."id" = 4) [0m
Rendering template within layouts/people
Rendering people/edit
Completed in 33ms (View: 18, DB: 1) | 200 OK [http://localhost/people/4/edit]
  [4;36;1mSQL (0.1ms)[0m   [0;1mSET client_min_messages TO 'panic'[0m
  [4;35;1mSQL (0.1ms)[0m   [0mSET standard_conforming_strings = on[0m
  [4;36;1mSQL (0.1ms)[0m   [0;1mSET client_min_messages TO 'notice'[0m


Processing PeopleController#update (for 127.0.0.1 at 2010-07-16 19:16:55) [PUT]
  Parameters: {"authenticity_token"=>"LtTQg9aINQFchn2+KfrKDLJ2Gm7lNxXashmfDS4ovXw=", "person"=>{"name"=>"Jose Pereira", "age"=>"30", "born(1i)"=>"2010", "born(2i)"=>"7", "born(3i)"=>"16"}, "commit"=>"Update", "id"=>"4"}
  [4;35;1mPerson Load (0.8ms)[0m   [0mSELECT * FROM "people" WHERE ("people"."id" = 4) [0m
  [4;36;1mSQL (0.2ms)[0m   [0;1mBEGIN[0m
  [4;35;1mPerson Update (0.6ms)[0m   [0mUPDATE "people" SET "age" = 30, "updated_at" = '2010-07-16 23:16:55.516238' WHERE "id" = 4[0m
  [4;36;1mSQL (13.2ms)[0m   [0;1mCOMMIT[0m
Redirected to http://localhost:3000/people/4
Completed in 37ms (DB: 15) | 302 Found [http://localhost/people/4]
  [4;35;1mSQL (0.2ms)[0m   [0mSET client_min_messages TO 'panic'[0m
  [4;36;1mSQL (0.2ms)[0m   [0;1mSET standard_conforming_strings = on[0m
  [4;35;1mSQL (0.1ms)[0m   [0mSET client_min_messages TO 'notice'[0m


Processing PeopleController#show (for 127.0.0.1 at 2010-07-16 19:16:55) [GET]
  Parameters: {"id"=>"4"}
  [4;36;1mPerson Load (0.9ms)[0m   [0;1mSELECT * FROM "people" WHERE ("people"."id" = 4) [0m
Rendering template within layouts/people
Rendering people/show
Completed in 23ms (View: 6, DB: 1) | 200 OK [http://localhost/people/4]
  [4;35;1mSQL (0.1ms)[0m   [0mSET client_min_messages TO 'panic'[0m
  [4;36;1mSQL (0.1ms)[0m   [0;1mSET standard_conforming_strings = on[0m
  [4;35;1mSQL (0.1ms)[0m   [0mSET client_min_messages TO 'notice'[0m


Processing PeopleController#index (for 127.0.0.1 at 2010-07-16 19:16:57) [GET]
  [4;36;1mPerson Load (1.8ms)[0m   [0;1mSELECT * FROM "people" [0m
Rendering template within layouts/people
Rendering people/index
Completed in 30ms (View: 21, DB: 2) | 200 OK [http://localhost/people]
  [4;35;1mSQL (0.1ms)[0m   [0mSET client_min_messages TO 'panic'[0m
  [4;36;1mSQL (0.1ms)[0m   [0;1mSET standard_conforming_strings = on[0m
  [4;35;1mSQL (0.1ms)[0m   [0mSET client_min_messages TO 'notice'[0m


Processing PeopleController#new (for 127.0.0.1 at 2010-07-16 19:17:19) [GET]
Rendering template within layouts/people
Rendering people/new
Completed in 31ms (View: 18, DB: 0) | 200 OK [http://localhost/people/new]
  [4;36;1mSQL (0.1ms)[0m   [0;1mSET client_min_messages TO 'panic'[0m
  [4;35;1mSQL (0.2ms)[0m   [0mSET standard_conforming_strings = on[0m
  [4;36;1mSQL (0.1ms)[0m   [0;1mSET client_min_messages TO 'notice'[0m


Processing PeopleController#index (for 127.0.0.1 at 2010-07-16 19:17:21) [GET]
  [4;35;1mPerson Load (1.8ms)[0m   [0mSELECT * FROM "people" [0m
Rendering template within layouts/people
Rendering people/index
Completed in 96ms (View: 84, DB: 2) | 200 OK [http://localhost/people]
  [4;36;1mSQL (0.1ms)[0m   [0;1mSET client_min_messages TO 'panic'[0m
  [4;35;1mSQL (0.2ms)[0m   [0mSET standard_conforming_strings = on[0m
  [4;36;1mSQL (0.1ms)[0m   [0;1mSET client_min_messages TO 'notice'[0m


Processing PeopleController#index to xml (for 127.0.0.1 at 2010-07-16 19:23:47) [GET]
  [4;35;1mPerson Load (2.3ms)[0m   [0mSELECT * FROM "people" [0m
Completed in 31ms (View: 20, DB: 3) | 200 OK [http://localhost/people.xml]
  [4;36;1mSQL (0.1ms)[0m   [0;1mSET client_min_messages TO 'panic'[0m
  [4;35;1mSQL (0.2ms)[0m   [0mSET standard_conforming_strings = on[0m
  [4;36;1mSQL (0.1ms)[0m   [0;1mSET client_min_messages TO 'notice'[0m
  [4;35;1mSQL (1.8ms)[0m   [0mSELECT version FROM schema_migrations[0m
Migrating to CreatePeople (20100716225847)
Migrating to AddNullPeople (20100716234034)
  [4;36;1mSQL (0.1ms)[0m   [0;1mBEGIN[0m
  [4;35;1mSQL (0.0ms)[0m   [0mPGError: ERROR: type modifier is not allowed for type "text"
LINE 1: ALTER TABLE "people" ADD COLUMN "name" text(50)
 ^
: ALTER TABLE "people" ADD COLUMN "name" text(50)[0m
  [4;36;1mSQL (0.1ms)[0m   [0;1mROLLBACK[0m
  [4;36;1mSQL (0.1ms)[0m   [0;1mSET client_min_messages TO 'panic'[0m
  [4;35;1mSQL (0.1ms)[0m   [0mSET standard_conforming_strings = on[0m
  [4;36;1mSQL (0.1ms)[0m   [0;1mSET client_min_messages TO 'notice'[0m
  [4;35;1mSQL (0.6ms)[0m   [0mSELECT version FROM schema_migrations[0m
Migrating to CreatePeople (20100716225847)
Migrating to AddNullPeople (20100716234034)
  [4;36;1mSQL (0.1ms)[0m   [0;1mBEGIN[0m
  [4;35;1mSQL (0.0ms)[0m   [0mPGError: ERROR: syntax error at or near "{"
LINE 1: ALTER TABLE "people" ALTER COLUMN "name" TYPE {:null=>false}
 ^
: ALTER TABLE "people" ALTER COLUMN "name" TYPE {:null=>false}[0m
  [4;36;1mSQL (0.1ms)[0m   [0;1mROLLBACK[0m
  [4;36;1mSQL (0.1ms)[0m   [0;1mSET client_min_messages TO 'panic'[0m
  [4;35;1mSQL (0.2ms)[0m   [0mSET standard_conforming_strings = on[0m
  [4;36;1mSQL (0.1ms)[0m   [0;1mSET client_min_messages TO 'notice'[0m
  [4;35;1mSQL (0.7ms)[0m   [0mSELECT version FROM schema_migrations[0m
Migrating to CreatePeople (20100716225847)
Migrating to AddNullPeople (20100716234034)
  [4;36;1mSQL (0.1ms)[0m   [0;1mBEGIN[0m
  [4;35;1mSQL (64.6ms)[0m   [0mALTER TABLE "people" ALTER COLUMN "name" TYPE character varying(50)[0m
  [4;36;1mSQL (0.5ms)[0m   [0;1mALTER TABLE "people" ALTER "name" SET NOT NULL[0m
  [4;35;1mSQL (77.6ms)[0m   [0mALTER TABLE "people" ALTER COLUMN "age" TYPE smallint[0m
  [4;36;1mSQL (0.5ms)[0m   [0;1mALTER TABLE "people" ALTER "age" SET NOT NULL[0m
  [4;35;1mSQL (0.4ms)[0m   [0mINSERT INTO schema_migrations (version) VALUES ('20100716234034')[0m
  [4;36;1mSQL (13.4ms)[0m   [0;1mCOMMIT[0m
  [4;35;1mSQL (0.2ms)[0m   [0mSELECT version FROM schema_migrations[0m
  [4;36;1mSQL (0.1ms)[0m   [0;1mSET client_min_messages TO 'panic'[0m
  [4;35;1mSQL (0.1ms)[0m   [0mSET standard_conforming_strings = on[0m
  [4;36;1mSQL (0.1ms)[0m   [0;1mSET client_min_messages TO 'notice'[0m
  [4;35;1mSQL (0.7ms)[0m   [0mSELECT version FROM schema_migrations[0m
Migrating to CreatePeople (20100716225847)
Migrating to AddNullPeople (20100716234034)
Migrating to AddCountToPeople (20100716235837)
  [4;36;1mSQL (0.4ms)[0m   [0;1mBEGIN[0m
  [4;35;1mSQL (79.9ms)[0m   [0mALTER TABLE "people" ADD COLUMN "count" serial[0m
  [4;36;1mSQL (0.2ms)[0m   [0;1mALTER TABLE "people" ALTER "count" SET NOT NULL[0m
  [4;35;1mSQL (0.4ms)[0m   [0mINSERT INTO schema_migrations (version) VALUES ('20100716235837')[0m
  [4;36;1mSQL (5.4ms)[0m   [0;1mCOMMIT[0m
  [4;35;1mSQL (0.2ms)[0m   [0mSELECT version FROM schema_migrations[0m
  [4;36;1mSQL (0.1ms)[0m   [0;1mSET client_min_messages TO 'panic'[0m
  [4;35;1mSQL (0.1ms)[0m   [0mSET standard_conforming_strings = on[0m
  [4;36;1mSQL (0.1ms)[0m   [0;1mSET client_min_messages TO 'notice'[0m


Processing PeopleController#index (for 127.0.0.1 at 2010-07-16 20:15:09) [GET]

NameError (undefined local variable or method `age' for #<Class:0xa896f54>):
  app/models/person.rb:2:in `<class:Person>'
  app/models/person.rb:1:in `<top (required)>'
  app/controllers/people_controller.rb:5:in `index'
  <internal:prelude>:8:in `synchronize'

Rendered rescues/_trace (202.5ms)
Rendered rescues/_request_and_response (2.4ms)
Rendering rescues/layout (internal_server_error)
  [4;35;1mSQL (0.1ms)[0m   [0mSET client_min_messages TO 'panic'[0m
  [4;36;1mSQL (0.1ms)[0m   [0;1mSET standard_conforming_strings = on[0m
  [4;35;1mSQL (0.1ms)[0m   [0mSET client_min_messages TO 'notice'[0m


Processing PeopleController#index (for 127.0.0.1 at 2010-07-16 20:15:11) [GET]

NameError (undefined local variable or method `age' for #<Class:0xb03efc4>):
  app/models/person.rb:2:in `<class:Person>'
  app/models/person.rb:1:in `<top (required)>'
  app/controllers/people_controller.rb:5:in `index'
  <internal:prelude>:8:in `synchronize'

Rendered rescues/_trace (140.4ms)
Rendered rescues/_request_and_response (0.5ms)
Rendering rescues/layout (internal_server_error)
  [4;36;1mSQL (0.1ms)[0m   [0;1mSET client_min_messages TO 'panic'[0m
  [4;35;1mSQL (0.1ms)[0m   [0mSET standard_conforming_strings = on[0m
  [4;36;1mSQL (0.1ms)[0m   [0;1mSET client_min_messages TO 'notice'[0m


Processing PeopleController#index (for 127.0.0.1 at 2010-07-16 20:15:12) [GET]

NameError (undefined local variable or method `age' for #<Class:0xad800d8>):
  app/models/person.rb:2:in `<class:Person>'
  app/models/person.rb:1:in `<top (required)>'
  app/controllers/people_controller.rb:5:in `index'
  <internal:prelude>:8:in `synchronize'

Rendered rescues/_trace (145.5ms)
Rendered rescues/_request_and_response (0.5ms)
Rendering rescues/layout (internal_server_error)
  [4;35;1mSQL (0.1ms)[0m   [0mSET client_min_messages TO 'panic'[0m
  [4;36;1mSQL (0.1ms)[0m   [0;1mSET standard_conforming_strings = on[0m
  [4;35;1mSQL (0.1ms)[0m   [0mSET client_min_messages TO 'notice'[0m


Processing PeopleController#index (for 127.0.0.1 at 2010-07-16 20:15:41) [GET]
  [4;36;1mPerson Load (1.9ms)[0m   [0;1mSELECT * FROM "people" [0m
Rendering template within layouts/people
Rendering people/index
Completed in 191ms (View: 181, DB: 2) | 200 OK [http://localhost/people]
  [4;35;1mSQL (0.1ms)[0m   [0mSET client_min_messages TO 'panic'[0m
  [4;36;1mSQL (0.2ms)[0m   [0;1mSET standard_conforming_strings = on[0m
  [4;35;1mSQL (0.1ms)[0m   [0mSET client_min_messages TO 'notice'[0m


Processing PeopleController#index (for 127.0.0.1 at 2010-07-16 20:16:07) [GET]
  [4;36;1mPerson Load (1.9ms)[0m   [0;1mSELECT * FROM "people" [0m
Rendering template within layouts/people
Rendering people/index
Completed in 32ms (View: 21, DB: 2) | 200 OK [http://localhost/people]
  [4;35;1mSQL (0.1ms)[0m   [0mSET client_min_messages TO 'panic'[0m
  [4;36;1mSQL (0.2ms)[0m   [0;1mSET standard_conforming_strings = on[0m
  [4;35;1mSQL (0.1ms)[0m   [0mSET client_min_messages TO 'notice'[0m


Processing PeopleController#index (for 127.0.0.1 at 2010-07-16 20:16:10) [GET]
  [4;36;1mPerson Load (1.9ms)[0m   [0;1mSELECT * FROM "people" [0m
Rendering template within layouts/people
Rendering people/index
Completed in 31ms (View: 21, DB: 2) | 200 OK [http://localhost/people]
  [4;36;1mSQL (0.1ms)[0m   [0;1mSET client_min_messages TO 'panic'[0m
  [4;35;1mSQL (0.2ms)[0m   [0mSET standard_conforming_strings = on[0m
  [4;36;1mSQL (0.1ms)[0m   [0;1mSET client_min_messages TO 'notice'[0m


Processing PeopleController#index (for 127.0.0.1 at 2010-07-16 20:16:29) [GET]
  [4;35;1mPerson Load (1.9ms)[0m   [0mSELECT * FROM "people" [0m
Rendering template within layouts/people
Rendering people/index
Completed in 120ms (View: 110, DB: 2) | 200 OK [http://localhost/people]
  [4;36;1mSQL (0.2ms)[0m   [0;1mSET client_min_messages TO 'panic'[0m
  [4;35;1mSQL (0.3ms)[0m   [0mSET standard_conforming_strings = on[0m
  [4;36;1mSQL (0.3ms)[0m   [0;1mSET client_min_messages TO 'notice'[0m


Processing PeopleController#index (for 127.0.0.1 at 2010-07-16 20:43:59) [GET]
  [4;35;1mPerson Load (1.9ms)[0m   [0mSELECT * FROM "people" [0m
Rendering template within layouts/people
Rendering people/index
Completed in 34ms (View: 23, DB: 3) | 200 OK [http://localhost/people]
  [4;36;1mSQL (0.1ms)[0m   [0;1mSET client_min_messages TO 'panic'[0m
  [4;35;1mSQL (0.2ms)[0m   [0mSET standard_conforming_strings = on[0m
  [4;36;1mSQL (0.1ms)[0m   [0;1mSET client_min_messages TO 'notice'[0m


Processing PeopleController#index (for 127.0.0.1 at 2010-07-16 20:44:00) [GET]
  [4;35;1mPerson Load (1.9ms)[0m   [0mSELECT * FROM "people" [0m
Rendering template within layouts/people
Rendering people/index
Completed in 31ms (View: 21, DB: 2) | 200 OK [http://localhost/people]
  [4;36;1mSQL (0.1ms)[0m   [0;1mSET client_min_messages TO 'panic'[0m
  [4;35;1mSQL (0.2ms)[0m   [0mSET standard_conforming_strings = on[0m
  [4;36;1mSQL (0.1ms)[0m   [0;1mSET client_min_messages TO 'notice'[0m


Processing PeopleController#index (for 127.0.0.1 at 2010-07-16 20:44:00) [GET]
  [4;35;1mPerson Load (1.9ms)[0m   [0mSELECT * FROM "people" [0m
Rendering template within layouts/people
Rendering people/index
Completed in 44ms (View: 32, DB: 2) | 200 OK [http://localhost/people]
  [4;36;1mSQL (0.1ms)[0m   [0;1mSET client_min_messages TO 'panic'[0m
  [4;35;1mSQL (0.1ms)[0m   [0mSET standard_conforming_strings = on[0m
  [4;36;1mSQL (0.1ms)[0m   [0;1mSET client_min_messages TO 'notice'[0m
  [4;35;1mPerson Load (1.6ms)[0m   [0mSELECT * FROM "people" WHERE ("people"."name" = 'Bernardo') LIMIT 1[0m
  [4;36;1mPerson Load (2.9ms)[0m   [0;1mSELECT * FROM "people" WHERE ("people"."name" = 'Bernardo%') LIMIT 1[0m
  [4;35;1mPerson Load (2.4ms)[0m   [0mSELECT * FROM "people" WHERE ("people"."name" = 'Bernardo Arancibia') LIMIT 1[0m
  [4;36;1mSQL (0.2ms)[0m   [0;1mBEGIN[0m
  [4;35;1mPerson Load (0.6ms)[0m   [0mSELECT "people".id FROM "people" WHERE ("people"."name" = 'Bernardo Arancibia' AND "people".id <> 1) LIMIT 1[0m
  [4;36;1mPerson Update (0.7ms)[0m   [0;1mUPDATE "people" SET "age" = 25, "updated_at" = '2010-07-17 00:53:38.891623' WHERE "id" = 1[0m
  [4;35;1mSQL (21.8ms)[0m   [0mCOMMIT[0m
  [4;36;1mSQL (0.1ms)[0m   [0;1mBEGIN[0m
  [4;35;1mPerson Load (0.4ms)[0m   [0mSELECT "people".id FROM "people" WHERE ("people"."name" = 'Bernardo Arancibia' AND "people".id <> 1) LIMIT 1[0m
  [4;36;1mSQL (0.2ms)[0m   [0;1mCOMMIT[0m
  [4;35;1mSQL (0.2ms)[0m   [0mBEGIN[0m
  [4;36;1mPerson Load (0.4ms)[0m   [0;1mSELECT "people".id FROM "people" WHERE ("people"."name" = 'Bernardo Arancibia' AND "people".id <> 1) LIMIT 1[0m
  [4;35;1mPerson Update (0.4ms)[0m   [0mUPDATE "people" SET "age" = 23, "updated_at" = '2010-07-17 00:54:53.925818' WHERE "id" = 1[0m
  [4;36;1mSQL (21.2ms)[0m   [0;1mCOMMIT[0m
  [4;35;1mSQL (0.2ms)[0m   [0mBEGIN[0m
  [4;36;1mPerson Load (0.4ms)[0m   [0;1mSELECT "people".id FROM "people" WHERE ("people"."name" = 'Bernardo Arancibia' AND "people".id <> 1) LIMIT 1[0m
  [4;35;1mSQL (0.2ms)[0m   [0mCOMMIT[0m
  [4;36;1mSQL (0.1ms)[0m   [0;1mSET client_min_messages TO 'panic'[0m
  [4;35;1mSQL (0.1ms)[0m   [0mSET standard_conforming_strings = on[0m
  [4;36;1mSQL (0.1ms)[0m   [0;1mSET client_min_messages TO 'notice'[0m
  [4;35;1mPerson Update (19.6ms)[0m   [0mUPDATE "people" SET "age" = 39 [0m
  [4;36;1mPerson Update (45.5ms)[0m   [0;1mUPDATE "people" SET "age" = 25 [0m
  [4;35;1mPerson Update (19.0ms)[0m   [0mUPDATE "people" SET "age" = 23 [0m
  [4;36;1mPerson Load (1.4ms)[0m   [0;1mSELECT * FROM "people" WHERE ("people"."name" = 'angela mendoza') LIMIT 1[0m
  [4;35;1mPerson Load (0.5ms)[0m   [0mSELECT * FROM "people" WHERE ("people"."name" = 'Angela Mendoza') LIMIT 1[0m
  [4;36;1mPerson Load (0.5ms)[0m   [0;1mSELECT * FROM "people" WHERE ("people"."name" = 'ángela mendoza') LIMIT 1[0m
  [4;35;1mPerson Load (0.6ms)[0m   [0mSELECT * FROM "people" WHERE ("people"."name" = 'Ángela Mendoza') LIMIT 1[0m
  [4;36;1mSQL (0.2ms)[0m   [0;1mBEGIN[0m
  [4;35;1mPerson Load (0.6ms)[0m   [0mSELECT "people".id FROM "people" WHERE ("people"."name" = 'Ángela Mendoza' AND "people".id <> 3) LIMIT 1[0m
  [4;36;1mPerson Update (0.6ms)[0m   [0;1mUPDATE "people" SET "age" = 21, "updated_at" = '2010-07-17 01:00:38.528771' WHERE "id" = 3[0m
  [4;35;1mSQL (22.4ms)[0m   [0mCOMMIT[0m
  [4;36;1mSQL (0.2ms)[0m   [0;1mBEGIN[0m
  [4;35;1mPerson Load (0.4ms)[0m   [0mSELECT "people".id FROM "people" WHERE ("people"."name" = 'Ángela Mendoza' AND "people".id <> 3) LIMIT 1[0m
  [4;36;1mPerson Update (0.4ms)[0m   [0;1mUPDATE "people" SET "age" = 22, "updated_at" = '2010-07-17 01:01:19.312704' WHERE "id" = 3[0m
  [4;35;1mSQL (78.3ms)[0m   [0mCOMMIT[0m
  [4;36;1mSQL (0.1ms)[0m   [0;1mSET client_min_messages TO 'panic'[0m
  [4;35;1mSQL (0.1ms)[0m   [0mSET standard_conforming_strings = on[0m
  [4;36;1mSQL (0.1ms)[0m   [0;1mSET client_min_messages TO 'notice'[0m


Processing PeopleController#index (for 127.0.0.1 at 2010-07-16 21:16:42) [GET]
  [4;35;1mPerson Load (1.8ms)[0m   [0mSELECT * FROM "people" [0m
Rendering template within layouts/people
Rendering people/index
Completed in 120ms (View: 110, DB: 2) | 200 OK [http://localhost/people]
  [4;36;1mSQL (0.1ms)[0m   [0;1mSET client_min_messages TO 'panic'[0m
  [4;35;1mSQL (0.1ms)[0m   [0mSET standard_conforming_strings = on[0m
  [4;36;1mSQL (0.1ms)[0m   [0;1mSET client_min_messages TO 'notice'[0m


Processing PeopleController#edit (for 127.0.0.1 at 2010-07-16 21:17:19) [GET]
  Parameters: {"id"=>"3"}
  [4;35;1mPerson Load (0.9ms)[0m   [0mSELECT * FROM "people" WHERE ("people"."id" = 3) [0m
Rendering template within layouts/people
Rendering people/edit
Completed in 52ms (View: 37, DB: 1) | 200 OK [http://localhost/people/3/edit]
  [4;36;1mSQL (0.1ms)[0m   [0;1mSET client_min_messages TO 'panic'[0m
  [4;35;1mSQL (0.2ms)[0m   [0mSET standard_conforming_strings = on[0m
  [4;36;1mSQL (0.1ms)[0m   [0;1mSET client_min_messages TO 'notice'[0m


Processing PeopleController#index (for 127.0.0.1 at 2010-07-16 21:17:21) [GET]
  [4;35;1mPerson Load (1.9ms)[0m   [0mSELECT * FROM "people" [0m
Rendering template within layouts/people
Rendering people/index
Completed in 32ms (View: 22, DB: 2) | 200 OK [http://localhost/people]
  [4;36;1mSQL (0.1ms)[0m   [0;1mSET client_min_messages TO 'panic'[0m
  [4;35;1mSQL (0.2ms)[0m   [0mSET standard_conforming_strings = on[0m
  [4;36;1mSQL (0.1ms)[0m   [0;1mSET client_min_messages TO 'notice'[0m


Processing PeopleController#destroy (for 127.0.0.1 at 2010-07-16 21:17:30) [DELETE]
  Parameters: {"authenticity_token"=>"LtTQg9aINQFchn2+KfrKDLJ2Gm7lNxXashmfDS4ovXw=", "id"=>"4"}
  [4;35;1mPerson Load (1.0ms)[0m   [0mSELECT * FROM "people" WHERE ("people"."id" = 4) [0m
  [4;36;1mSQL (0.1ms)[0m   [0;1mBEGIN[0m
  [4;35;1mPerson Destroy (0.4ms)[0m   [0mDELETE FROM "people" WHERE "id" = 4[0m
  [4;36;1mSQL (22.2ms)[0m   [0;1mCOMMIT[0m
Redirected to http://localhost:3000/people
Completed in 110ms (DB: 24) | 302 Found [http://localhost/people/4]
  [4;35;1mSQL (0.1ms)[0m   [0mSET client_min_messages TO 'panic'[0m
  [4;36;1mSQL (0.2ms)[0m   [0;1mSET standard_conforming_strings = on[0m
  [4;35;1mSQL (0.1ms)[0m   [0mSET client_min_messages TO 'notice'[0m


Processing PeopleController#index (for 127.0.0.1 at 2010-07-16 21:17:31) [GET]
  [4;36;1mPerson Load (1.9ms)[0m   [0;1mSELECT * FROM "people" [0m
Rendering template within layouts/people
Rendering people/index
Completed in 31ms (View: 20, DB: 2) | 200 OK [http://localhost/people]
